Using pre-set license
Built from '2020.3/staging' branch; Version is '2020.3.9f1 (108be757e447) revision 1084391'; Using compiler version '192528614'; Build Type 'Release'
OS: 'Windows 10 Pro; OS build 19042.1237; Version 2009; 64bit' Language: 'en' Physical Memory: 32706 MB
BatchMode: 1, IsHumanControllingUs: 0, StartBugReporterOnCrash: 0, Is64bit: 1, IsPro: 0

 COMMAND LINE ARGUMENTS:
D:\Program Files\Unity\2020.3.9f1\Editor\Unity.exe
-adb2
-batchMode
-noUpm
-name
AssetImportWorker0
-projectPath
D:/Personal/Work/Games/Unity/Scripting01/Scripting01_6
-logFile
Logs/AssetImportWorker0.log
-srvPort
55519
Successfully changed project path to: D:/Personal/Work/Games/Unity/Scripting01/Scripting01_6
D:/Personal/Work/Games/Unity/Scripting01/Scripting01_6
Using Asset Import Pipeline V2.
Refreshing native plugins compatible for Editor in 34.02 ms, found 1 plugins.
Preloading 0 native plugins for Editor in 0.00 ms.
Initialize engine version: 2020.3.9f1 (108be757e447)
[Subsystems] Discovering subsystems at path D:/Program Files/Unity/2020.3.9f1/Editor/Data/Resources/UnitySubsystems
[Subsystems] Discovering subsystems at path D:/Personal/Work/Games/Unity/Scripting01/Scripting01_6/Assets
GfxDevice: creating device client; threaded=0
Direct3D:
    Version:  Direct3D 11.0 [level 11.1]
    Renderer: NVIDIA GeForce GTX 970 (ID=0x13c2)
    Vendor:   
    VRAM:     4043 MB
    Driver:   30.0.14.7196
Initialize mono
Mono path[0] = 'D:/Program Files/Unity/2020.3.9f1/Editor/Data/Managed'
Mono path[1] = 'D:/Program Files/Unity/2020.3.9f1/Editor/Data/MonoBleedingEdge/lib/mono/unityjit'
Mono config path = 'D:/Program Files/Unity/2020.3.9f1/Editor/Data/MonoBleedingEdge/etc'
Using monoOptions --debugger-agent=transport=dt_socket,embedding=1,server=y,suspend=n,address=127.0.0.1:56360
Begin MonoManager ReloadAssembly
Registering precompiled unity dll's ...
Register platform support module: D:/Program Files/Unity/2020.3.9f1/Editor/Data/PlaybackEngines/WindowsStandaloneSupport/UnityEditor.WindowsStandalone.Extensions.dll
Registered in 0.001135 seconds.
Native extension for WindowsStandalone target not found
Refreshing native plugins compatible for Editor in 32.38 ms, found 1 plugins.
Preloading 0 native plugins for Editor in 0.00 ms.
Mono: successfully reloaded assembly
- Completed reload, in  1.093 seconds
Platform modules already initialized, skipping
Registering precompiled user dll's ...
Registered in 0.000833 seconds.
Begin MonoManager ReloadAssembly
Native extension for WindowsStandalone target not found
Refreshing native plugins compatible for Editor in 41.70 ms, found 1 plugins.
Preloading 0 native plugins for Editor in 0.00 ms.
Mono: successfully reloaded assembly
- Completed reload, in  0.895 seconds
Platform modules already initialized, skipping
========================================================================
Worker process is ready to serve import requests
Launched and connected shader compiler UnityShaderCompiler.exe after 0.04 seconds
Refreshing native plugins compatible for Editor in 0.29 ms, found 1 plugins.
Preloading 0 native plugins for Editor in 0.00 ms.
Unloading 1808 Unused Serialized files (Serialized files now loaded: 0)
System memory in use before: 85.0 MB.
System memory in use after: 84.9 MB.

Unloading 24 unused Assets to reduce memory usage. Loaded Objects now: 2250.
Total: 1.774900 ms (FindLiveObjects: 0.138300 ms CreateObjectMapping: 0.059000 ms MarkObjects: 1.475300 ms  DeleteObjects: 0.101200 ms)

========================================================================
Received Import Request.
  path: Assets
  artifactKey: Guid(00000000000000001000000000000000) Importer(815301076,1909f56bfc062723c751e8b465ee728b)
Start importing Assets using Guid(00000000000000001000000000000000) Importer(815301076,1909f56bfc062723c751e8b465ee728b)  -> (artifact id: '42d402b061de3733987d63b9cc3b64de') in 0.008012 seconds
  Import took 0.023217 seconds .

========================================================================
Received Import Request.
  Time since last request: 0.460025 seconds.
  path: Assets/New Folder
  artifactKey: Guid(75ff17dd20edc57498356a454d784dba) Importer(815301076,1909f56bfc062723c751e8b465ee728b)
Start importing Assets/New Folder using Guid(75ff17dd20edc57498356a454d784dba) Importer(815301076,1909f56bfc062723c751e8b465ee728b)  -> (artifact id: '708efb6706281e167e87927799f2ce9b') in 0.007728 seconds
  Import took 0.012829 seconds .

========================================================================
Received Prepare
Registering precompiled user dll's ...
Registered in 0.000907 seconds.
Begin MonoManager ReloadAssembly
Native extension for WindowsStandalone target not found
Refreshing native plugins compatible for Editor in 0.29 ms, found 1 plugins.
Preloading 0 native plugins for Editor in 0.00 ms.
Mono: successfully reloaded assembly
- Completed reload, in  0.808 seconds
Platform modules already initialized, skipping
Refreshing native plugins compatible for Editor in 0.28 ms, found 1 plugins.
Preloading 0 native plugins for Editor in 0.00 ms.
Unloading 1806 Unused Serialized files (Serialized files now loaded: 0)
System memory in use before: 85.0 MB.
System memory in use after: 85.0 MB.

Unloading 12 unused Assets to reduce memory usage. Loaded Objects now: 2257.
Total: 2.260600 ms (FindLiveObjects: 0.142400 ms CreateObjectMapping: 0.055100 ms MarkObjects: 1.968900 ms  DeleteObjects: 0.093200 ms)

========================================================================
Received Import Request.
  Time since last request: 17.071579 seconds.
  path: Assets/Platform Movement
  artifactKey: Guid(05892a46692049643860235328abde76) Importer(815301076,1909f56bfc062723c751e8b465ee728b)
Start importing Assets/Platform Movement using Guid(05892a46692049643860235328abde76) Importer(815301076,1909f56bfc062723c751e8b465ee728b)  -> (artifact id: 'a36269b69ba8aa0f58d8ed7270a08e8a') in 0.008886 seconds
  Import took 0.011648 seconds .

========================================================================
Received Import Request.
  Time since last request: 2.634487 seconds.
  path: Assets/Scenes
  artifactKey: Guid(d42ff318eb744d04d95eeab5bc9d0ed3) Importer(815301076,1909f56bfc062723c751e8b465ee728b)
Start importing Assets/Scenes using Guid(d42ff318eb744d04d95eeab5bc9d0ed3) Importer(815301076,1909f56bfc062723c751e8b465ee728b)  -> (artifact id: '8710a75f683e4d0325288a5b8cd76207') in 0.008929 seconds
  Import took 0.011860 seconds .

========================================================================
Received Import Request.
  Time since last request: 3.794209 seconds.
  path: Assets/Platform Movement/Scenes/Moving Platform.unity
  artifactKey: Guid(0e41db2493ccb1d42aae8e9bcea319db) Importer(815301076,1909f56bfc062723c751e8b465ee728b)
Start importing Assets/Platform Movement/Scenes/Moving Platform.unity using Guid(0e41db2493ccb1d42aae8e9bcea319db) Importer(815301076,1909f56bfc062723c751e8b465ee728b)  -> (artifact id: 'bf267c6a4162edabc6ecfaffa20066df') in 0.014023 seconds
  Import took 0.017080 seconds .

========================================================================
Received Import Request.
  Time since last request: 4.809297 seconds.
  path: Assets/Platform Movement/Scripts
  artifactKey: Guid(038999c4235fade4096db68acddc4815) Importer(815301076,1909f56bfc062723c751e8b465ee728b)
Start importing Assets/Platform Movement/Scripts using Guid(038999c4235fade4096db68acddc4815) Importer(815301076,1909f56bfc062723c751e8b465ee728b)  -> (artifact id: '202f3151c8fd35f1b54777609d8cd1cb') in 0.006937 seconds
  Import took 0.042452 seconds .

========================================================================
Received Import Request.
  Time since last request: 6.087114 seconds.
  path: Assets/Platform Movement/Scenes/Platform Movement.unity
  artifactKey: Guid(0e41db2493ccb1d42aae8e9bcea319db) Importer(815301076,1909f56bfc062723c751e8b465ee728b)
Start importing Assets/Platform Movement/Scenes/Platform Movement.unity using Guid(0e41db2493ccb1d42aae8e9bcea319db) Importer(815301076,1909f56bfc062723c751e8b465ee728b)  -> (artifact id: 'ef1b345cd55af4f315b0993ab7cd5b92') in 0.007601 seconds
  Import took 0.010212 seconds .

========================================================================
Received Prepare
Registering precompiled user dll's ...
Registered in 0.000853 seconds.
Begin MonoManager ReloadAssembly
Native extension for WindowsStandalone target not found
Refreshing native plugins compatible for Editor in 0.29 ms, found 1 plugins.
Preloading 0 native plugins for Editor in 0.00 ms.
Mono: successfully reloaded assembly
- Completed reload, in  0.810 seconds
Platform modules already initialized, skipping
Refreshing native plugins compatible for Editor in 0.30 ms, found 1 plugins.
Preloading 0 native plugins for Editor in 0.00 ms.
Unloading 1806 Unused Serialized files (Serialized files now loaded: 0)
System memory in use before: 85.0 MB.
System memory in use after: 85.0 MB.

Unloading 12 unused Assets to reduce memory usage. Loaded Objects now: 2261.
Total: 1.857900 ms (FindLiveObjects: 0.152900 ms CreateObjectMapping: 0.064500 ms MarkObjects: 1.550600 ms  DeleteObjects: 0.088800 ms)

========================================================================
Received Prepare
Registering precompiled user dll's ...
Registered in 0.000849 seconds.
Begin MonoManager ReloadAssembly
Native extension for WindowsStandalone target not found
Refreshing native plugins compatible for Editor in 0.41 ms, found 1 plugins.
Preloading 0 native plugins for Editor in 0.00 ms.
Mono: successfully reloaded assembly
- Completed reload, in  0.880 seconds
Platform modules already initialized, skipping
Refreshing native plugins compatible for Editor in 0.33 ms, found 1 plugins.
Preloading 0 native plugins for Editor in 0.00 ms.
Unloading 1806 Unused Serialized files (Serialized files now loaded: 0)
System memory in use before: 85.1 MB.
System memory in use after: 85.0 MB.

Unloading 12 unused Assets to reduce memory usage. Loaded Objects now: 2265.
Total: 1.755200 ms (FindLiveObjects: 0.149900 ms CreateObjectMapping: 0.061600 ms MarkObjects: 1.450200 ms  DeleteObjects: 0.092600 ms)

========================================================================
Received Import Request.
  Time since last request: 66.306332 seconds.
  path: Assets/Platform Movement/Prefabs
  artifactKey: Guid(49c58163b9486a6458e3d0518693c3b2) Importer(815301076,1909f56bfc062723c751e8b465ee728b)
Start importing Assets/Platform Movement/Prefabs using Guid(49c58163b9486a6458e3d0518693c3b2) Importer(815301076,1909f56bfc062723c751e8b465ee728b)  -> (artifact id: 'f996f5b737c138bcafc327d21958ec0b') in 0.008218 seconds
  Import took 0.011068 seconds .

========================================================================
Received Import Request.
  Time since last request: 3.165386 seconds.
  path: Assets/Platform Movement/Scripts/MovingPlatform.cs
  artifactKey: Guid(4b0c6c47cbd61cf4f825b98ec376d8d7) Importer(815301076,1909f56bfc062723c751e8b465ee728b)
Start importing Assets/Platform Movement/Scripts/MovingPlatform.cs using Guid(4b0c6c47cbd61cf4f825b98ec376d8d7) Importer(815301076,1909f56bfc062723c751e8b465ee728b)  -> (artifact id: 'ad5192a5ec58458fcc46fe997451daa7') in 0.040387 seconds
  Import took 0.069047 seconds .

========================================================================
Received Import Request.
  Time since last request: 10.085944 seconds.
  path: Assets/Platform Movement/Scripts/PlatformMovement.cs
  artifactKey: Guid(5c1c8d50debd3fe41846bab0b214c8d2) Importer(815301076,1909f56bfc062723c751e8b465ee728b)
Start importing Assets/Platform Movement/Scripts/PlatformMovement.cs using Guid(5c1c8d50debd3fe41846bab0b214c8d2) Importer(815301076,1909f56bfc062723c751e8b465ee728b)  -> (artifact id: 'bbf13dcb6364e730300ea6f59dca020a') in 0.063047 seconds
  Import took 0.082879 seconds .

========================================================================
Received Prepare
Registering precompiled user dll's ...
Registered in 0.000887 seconds.
Begin MonoManager ReloadAssembly
Native extension for WindowsStandalone target not found
Refreshing native plugins compatible for Editor in 0.31 ms, found 1 plugins.
Preloading 0 native plugins for Editor in 0.00 ms.
Mono: successfully reloaded assembly
- Completed reload, in  1.034 seconds
Platform modules already initialized, skipping
Refreshing native plugins compatible for Editor in 0.28 ms, found 1 plugins.
Preloading 0 native plugins for Editor in 0.00 ms.
Unloading 1806 Unused Serialized files (Serialized files now loaded: 0)
System memory in use before: 85.1 MB.
System memory in use after: 85.0 MB.

Unloading 12 unused Assets to reduce memory usage. Loaded Objects now: 2269.
Total: 1.676500 ms (FindLiveObjects: 0.154900 ms CreateObjectMapping: 0.069200 ms MarkObjects: 1.358500 ms  DeleteObjects: 0.093100 ms)

========================================================================
Received Import Request.
  Time since last request: 774.391113 seconds.
  path: Assets/Platform Movement/Scripts/PlatformMovement.cs
  artifactKey: Guid(5c1c8d50debd3fe41846bab0b214c8d2) Importer(815301076,1909f56bfc062723c751e8b465ee728b)
Start importing Assets/Platform Movement/Scripts/PlatformMovement.cs using Guid(5c1c8d50debd3fe41846bab0b214c8d2) Importer(815301076,1909f56bfc062723c751e8b465ee728b)  -> (artifact id: 'da6bf9c7180e3a61b35b57240b09ecd3') in 0.009868 seconds
  Import took 0.102908 seconds .

========================================================================
Received Prepare
Registering precompiled user dll's ...
Registered in 0.000928 seconds.
Begin MonoManager ReloadAssembly
Native extension for WindowsStandalone target not found
Refreshing native plugins compatible for Editor in 0.54 ms, found 1 plugins.
Preloading 0 native plugins for Editor in 0.00 ms.
Mono: successfully reloaded assembly
- Completed reload, in  0.835 seconds
Platform modules already initialized, skipping
Refreshing native plugins compatible for Editor in 0.34 ms, found 1 plugins.
Preloading 0 native plugins for Editor in 0.00 ms.
Unloading 1806 Unused Serialized files (Serialized files now loaded: 0)
System memory in use before: 85.1 MB.
System memory in use after: 85.1 MB.

Unloading 12 unused Assets to reduce memory usage. Loaded Objects now: 2273.
Total: 1.915000 ms (FindLiveObjects: 0.142800 ms CreateObjectMapping: 0.097200 ms MarkObjects: 1.587600 ms  DeleteObjects: 0.086600 ms)

========================================================================
Received Import Request.
  Time since last request: 74.999716 seconds.
  path: Assets/Platform Movement/Scripts/PlatformMovement.cs
  artifactKey: Guid(5c1c8d50debd3fe41846bab0b214c8d2) Importer(815301076,1909f56bfc062723c751e8b465ee728b)
Start importing Assets/Platform Movement/Scripts/PlatformMovement.cs using Guid(5c1c8d50debd3fe41846bab0b214c8d2) Importer(815301076,1909f56bfc062723c751e8b465ee728b)  -> (artifact id: '9de980cf6ed2797476e9e2d79db7f205') in 0.006886 seconds
  Import took 0.183786 seconds .

========================================================================
Received Prepare
Registering precompiled user dll's ...
Registered in 0.001082 seconds.
Begin MonoManager ReloadAssembly
Native extension for WindowsStandalone target not found
Refreshing native plugins compatible for Editor in 0.30 ms, found 1 plugins.
Preloading 0 native plugins for Editor in 0.00 ms.
Mono: successfully reloaded assembly
- Completed reload, in  0.817 seconds
Platform modules already initialized, skipping
Refreshing native plugins compatible for Editor in 0.31 ms, found 1 plugins.
Preloading 0 native plugins for Editor in 0.00 ms.
Unloading 1806 Unused Serialized files (Serialized files now loaded: 0)
System memory in use before: 85.1 MB.
System memory in use after: 85.1 MB.

Unloading 12 unused Assets to reduce memory usage. Loaded Objects now: 2277.
Total: 1.760300 ms (FindLiveObjects: 0.132300 ms CreateObjectMapping: 0.059200 ms MarkObjects: 1.482400 ms  DeleteObjects: 0.085300 ms)

========================================================================
Received Prepare
Registering precompiled user dll's ...
Registered in 0.000841 seconds.
Begin MonoManager ReloadAssembly
Native extension for WindowsStandalone target not found
Refreshing native plugins compatible for Editor in 0.29 ms, found 1 plugins.
Preloading 0 native plugins for Editor in 0.00 ms.
Mono: successfully reloaded assembly
- Completed reload, in  0.854 seconds
Platform modules already initialized, skipping
Refreshing native plugins compatible for Editor in 0.33 ms, found 1 plugins.
Preloading 0 native plugins for Editor in 0.00 ms.
Unloading 1806 Unused Serialized files (Serialized files now loaded: 0)
System memory in use before: 85.1 MB.
System memory in use after: 85.1 MB.

Unloading 12 unused Assets to reduce memory usage. Loaded Objects now: 2281.
Total: 1.881700 ms (FindLiveObjects: 0.150900 ms CreateObjectMapping: 0.066600 ms MarkObjects: 1.577500 ms  DeleteObjects: 0.085600 ms)

========================================================================
Received Prepare
Registering precompiled user dll's ...
Registered in 0.000859 seconds.
Begin MonoManager ReloadAssembly
Native extension for WindowsStandalone target not found
Refreshing native plugins compatible for Editor in 0.29 ms, found 1 plugins.
Preloading 0 native plugins for Editor in 0.00 ms.
Mono: successfully reloaded assembly
- Completed reload, in  0.828 seconds
Platform modules already initialized, skipping
Refreshing native plugins compatible for Editor in 0.30 ms, found 1 plugins.
Preloading 0 native plugins for Editor in 0.00 ms.
Unloading 1806 Unused Serialized files (Serialized files now loaded: 0)
System memory in use before: 85.1 MB.
System memory in use after: 85.1 MB.

Unloading 12 unused Assets to reduce memory usage. Loaded Objects now: 2285.
Total: 1.673400 ms (FindLiveObjects: 0.134600 ms CreateObjectMapping: 0.052300 ms MarkObjects: 1.401400 ms  DeleteObjects: 0.084100 ms)

========================================================================
Received Prepare
Registering precompiled user dll's ...
Registered in 0.000855 seconds.
Begin MonoManager ReloadAssembly
Native extension for WindowsStandalone target not found
Refreshing native plugins compatible for Editor in 0.30 ms, found 1 plugins.
Preloading 0 native plugins for Editor in 0.00 ms.
Mono: successfully reloaded assembly
- Completed reload, in  0.846 seconds
Platform modules already initialized, skipping
Refreshing native plugins compatible for Editor in 0.30 ms, found 1 plugins.
Preloading 0 native plugins for Editor in 0.00 ms.
Unloading 1806 Unused Serialized files (Serialized files now loaded: 0)
System memory in use before: 85.1 MB.
System memory in use after: 85.1 MB.

Unloading 12 unused Assets to reduce memory usage. Loaded Objects now: 2289.
Total: 1.635500 ms (FindLiveObjects: 0.147200 ms CreateObjectMapping: 0.062000 ms MarkObjects: 1.333200 ms  DeleteObjects: 0.092300 ms)

========================================================================
Received Prepare
Registering precompiled user dll's ...
Registered in 0.001106 seconds.
Begin MonoManager ReloadAssembly
Native extension for WindowsStandalone target not found
Refreshing native plugins compatible for Editor in 0.29 ms, found 1 plugins.
Preloading 0 native plugins for Editor in 0.00 ms.
Mono: successfully reloaded assembly
- Completed reload, in  0.806 seconds
Platform modules already initialized, skipping
Refreshing native plugins compatible for Editor in 0.33 ms, found 1 plugins.
Preloading 0 native plugins for Editor in 0.00 ms.
Unloading 1806 Unused Serialized files (Serialized files now loaded: 0)
System memory in use before: 85.1 MB.
System memory in use after: 85.1 MB.

Unloading 12 unused Assets to reduce memory usage. Loaded Objects now: 2293.
Total: 1.869900 ms (FindLiveObjects: 0.179600 ms CreateObjectMapping: 0.075600 ms MarkObjects: 1.527000 ms  DeleteObjects: 0.087000 ms)

========================================================================
Received Prepare
Registering precompiled user dll's ...
Registered in 0.000866 seconds.
Begin MonoManager ReloadAssembly
Native extension for WindowsStandalone target not found
Refreshing native plugins compatible for Editor in 0.29 ms, found 1 plugins.
Preloading 0 native plugins for Editor in 0.00 ms.
Mono: successfully reloaded assembly
- Completed reload, in  0.835 seconds
Platform modules already initialized, skipping
Refreshing native plugins compatible for Editor in 0.36 ms, found 1 plugins.
Preloading 0 native plugins for Editor in 0.00 ms.
Unloading 1806 Unused Serialized files (Serialized files now loaded: 0)
System memory in use before: 85.1 MB.
System memory in use after: 85.1 MB.

Unloading 12 unused Assets to reduce memory usage. Loaded Objects now: 2297.
Total: 1.736300 ms (FindLiveObjects: 0.137400 ms CreateObjectMapping: 0.060700 ms MarkObjects: 1.454200 ms  DeleteObjects: 0.083100 ms)

========================================================================
Received Prepare
Registering precompiled user dll's ...
Registered in 0.001745 seconds.
Begin MonoManager ReloadAssembly
Native extension for WindowsStandalone target not found
Refreshing native plugins compatible for Editor in 0.29 ms, found 1 plugins.
Preloading 0 native plugins for Editor in 0.00 ms.
Mono: successfully reloaded assembly
- Completed reload, in  0.891 seconds
Platform modules already initialized, skipping
Refreshing native plugins compatible for Editor in 0.30 ms, found 1 plugins.
Preloading 0 native plugins for Editor in 0.00 ms.
Unloading 1806 Unused Serialized files (Serialized files now loaded: 0)
System memory in use before: 85.1 MB.
System memory in use after: 85.1 MB.

Unloading 12 unused Assets to reduce memory usage. Loaded Objects now: 2301.
Total: 1.926300 ms (FindLiveObjects: 0.144200 ms CreateObjectMapping: 0.063100 ms MarkObjects: 1.627600 ms  DeleteObjects: 0.090500 ms)

========================================================================
Received Prepare
Registering precompiled user dll's ...
Registered in 0.002992 seconds.
Begin MonoManager ReloadAssembly
Native extension for WindowsStandalone target not found
Refreshing native plugins compatible for Editor in 0.32 ms, found 1 plugins.
Preloading 0 native plugins for Editor in 0.00 ms.
Mono: successfully reloaded assembly
- Completed reload, in  0.858 seconds
Platform modules already initialized, skipping
Refreshing native plugins compatible for Editor in 0.35 ms, found 1 plugins.
Preloading 0 native plugins for Editor in 0.00 ms.
Unloading 1806 Unused Serialized files (Serialized files now loaded: 0)
System memory in use before: 85.2 MB.
System memory in use after: 85.1 MB.

Unloading 12 unused Assets to reduce memory usage. Loaded Objects now: 2305.
Total: 2.236800 ms (FindLiveObjects: 0.147400 ms CreateObjectMapping: 0.061500 ms MarkObjects: 1.934400 ms  DeleteObjects: 0.092400 ms)

========================================================================
Received Import Request.
  Time since last request: 379.849127 seconds.
  path: ProjectSettings/TagManager.asset
  artifactKey: Guid(00000000000000003000000000000000) Importer(815301076,1909f56bfc062723c751e8b465ee728b)
Start importing ProjectSettings/TagManager.asset using Guid(00000000000000003000000000000000) Importer(815301076,1909f56bfc062723c751e8b465ee728b)  -> (artifact id: '95df672b4aaba54310d34c83eef51bb8') in 0.020695 seconds
  Import took 0.048176 seconds .

========================================================================
Received Prepare
Registering precompiled user dll's ...
Registered in 0.000853 seconds.
Begin MonoManager ReloadAssembly
Native extension for WindowsStandalone target not found
Refreshing native plugins compatible for Editor in 0.35 ms, found 1 plugins.
Preloading 0 native plugins for Editor in 0.00 ms.
Mono: successfully reloaded assembly
- Completed reload, in  0.792 seconds
Platform modules already initialized, skipping
Refreshing native plugins compatible for Editor in 0.35 ms, found 1 plugins.
Preloading 0 native plugins for Editor in 0.00 ms.
Unloading 1806 Unused Serialized files (Serialized files now loaded: 0)
System memory in use before: 85.2 MB.
System memory in use after: 85.1 MB.

Unloading 13 unused Assets to reduce memory usage. Loaded Objects now: 2309.
Total: 1.932600 ms (FindLiveObjects: 0.145100 ms CreateObjectMapping: 0.057300 ms MarkObjects: 1.636500 ms  DeleteObjects: 0.093000 ms)

========================================================================
Received Import Request.
  Time since last request: 3003.915241 seconds.
  path: Assets/Platform Movement/Scripts/DropSpawner.cs
  artifactKey: Guid(a05e43ca0cedf7a4e9b0fb79ee1f02ae) Importer(815301076,1909f56bfc062723c751e8b465ee728b)
Start importing Assets/Platform Movement/Scripts/DropSpawner.cs using Guid(a05e43ca0cedf7a4e9b0fb79ee1f02ae) Importer(815301076,1909f56bfc062723c751e8b465ee728b)  -> (artifact id: 'bf5e7550376883ae892937a22efda578') in 0.009385 seconds
  Import took 0.013022 seconds .

========================================================================
Received Import Request.
  Time since last request: 1.528074 seconds.
  path: Assets/Platform Movement/Scripts/PlatformMovement.cs
  artifactKey: Guid(5c1c8d50debd3fe41846bab0b214c8d2) Importer(815301076,1909f56bfc062723c751e8b465ee728b)
Start importing Assets/Platform Movement/Scripts/PlatformMovement.cs using Guid(5c1c8d50debd3fe41846bab0b214c8d2) Importer(815301076,1909f56bfc062723c751e8b465ee728b)  -> (artifact id: '6164f386eff881afb238902706d5a6f1') in 0.005412 seconds
  Import took 0.026197 seconds .

========================================================================
Received Prepare
Registering precompiled user dll's ...
Registered in 0.000862 seconds.
Begin MonoManager ReloadAssembly
Native extension for WindowsStandalone target not found
Refreshing native plugins compatible for Editor in 0.29 ms, found 1 plugins.
Preloading 0 native plugins for Editor in 0.00 ms.
Mono: successfully reloaded assembly
- Completed reload, in  0.772 seconds
Platform modules already initialized, skipping
Refreshing native plugins compatible for Editor in 0.31 ms, found 1 plugins.
Preloading 0 native plugins for Editor in 0.00 ms.
Unloading 1806 Unused Serialized files (Serialized files now loaded: 0)
System memory in use before: 85.2 MB.
System memory in use after: 85.2 MB.

Unloading 12 unused Assets to reduce memory usage. Loaded Objects now: 2313.
Total: 1.760500 ms (FindLiveObjects: 0.145100 ms CreateObjectMapping: 0.062700 ms MarkObjects: 1.458000 ms  DeleteObjects: 0.094000 ms)

========================================================================
Received Import Request.
  Time since last request: 190.316811 seconds.
  path: Assets/Platform Movement/Scripts/PlatformMovement.cs
  artifactKey: Guid(5c1c8d50debd3fe41846bab0b214c8d2) Importer(815301076,1909f56bfc062723c751e8b465ee728b)
Start importing Assets/Platform Movement/Scripts/PlatformMovement.cs using Guid(5c1c8d50debd3fe41846bab0b214c8d2) Importer(815301076,1909f56bfc062723c751e8b465ee728b)  -> (artifact id: 'bea8f7165facba78433c54ed4cce666b') in 0.004315 seconds
  Import took 0.007132 seconds .

========================================================================
Received Import Request.
  Time since last request: 0.050980 seconds.
  path: Assets/Platform Movement/Scripts/PlatformMovement.cs
  artifactKey: Guid(5c1c8d50debd3fe41846bab0b214c8d2) Importer(815301076,1909f56bfc062723c751e8b465ee728b)
Start importing Assets/Platform Movement/Scripts/PlatformMovement.cs using Guid(5c1c8d50debd3fe41846bab0b214c8d2) Importer(815301076,1909f56bfc062723c751e8b465ee728b)  -> (artifact id: 'bea8f7165facba78433c54ed4cce666b') in 0.003084 seconds
  Import took 0.006829 seconds .

========================================================================
Received Prepare
Registering precompiled user dll's ...
Registered in 0.001030 seconds.
Begin MonoManager ReloadAssembly
Native extension for WindowsStandalone target not found
Refreshing native plugins compatible for Editor in 0.32 ms, found 1 plugins.
Preloading 0 native plugins for Editor in 0.00 ms.
Mono: successfully reloaded assembly
- Completed reload, in  0.778 seconds
Platform modules already initialized, skipping
Refreshing native plugins compatible for Editor in 0.32 ms, found 1 plugins.
Preloading 0 native plugins for Editor in 0.00 ms.
Unloading 1806 Unused Serialized files (Serialized files now loaded: 0)
System memory in use before: 85.2 MB.
System memory in use after: 85.2 MB.

Unloading 12 unused Assets to reduce memory usage. Loaded Objects now: 2317.
Total: 1.837300 ms (FindLiveObjects: 0.168400 ms CreateObjectMapping: 0.062300 ms MarkObjects: 1.515300 ms  DeleteObjects: 0.090700 ms)

========================================================================
Received Prepare
Registering precompiled user dll's ...
Registered in 0.001383 seconds.
Begin MonoManager ReloadAssembly
Native extension for WindowsStandalone target not found
Refreshing native plugins compatible for Editor in 0.37 ms, found 1 plugins.
Preloading 0 native plugins for Editor in 0.00 ms.
Mono: successfully reloaded assembly
- Completed reload, in  0.831 seconds
Platform modules already initialized, skipping
Refreshing native plugins compatible for Editor in 0.39 ms, found 1 plugins.
Preloading 0 native plugins for Editor in 0.00 ms.
Unloading 1806 Unused Serialized files (Serialized files now loaded: 0)
System memory in use before: 85.2 MB.
System memory in use after: 85.2 MB.

Unloading 12 unused Assets to reduce memory usage. Loaded Objects now: 2321.
Total: 1.954900 ms (FindLiveObjects: 0.153400 ms CreateObjectMapping: 0.060500 ms MarkObjects: 1.634100 ms  DeleteObjects: 0.106000 ms)

========================================================================
Received Import Request.
  Time since last request: 50.359521 seconds.
  path: Assets/Platform Movement/Scripts/PlatformMovement.cs
  artifactKey: Guid(5c1c8d50debd3fe41846bab0b214c8d2) Importer(815301076,1909f56bfc062723c751e8b465ee728b)
Start importing Assets/Platform Movement/Scripts/PlatformMovement.cs using Guid(5c1c8d50debd3fe41846bab0b214c8d2) Importer(815301076,1909f56bfc062723c751e8b465ee728b)  -> (artifact id: 'd0a4f7341156c8ccfd5373f7d144bfeb') in 0.004978 seconds
  Import took 0.007898 seconds .

AssetImportWorkerClient::OnTransportError - code=2 error=End of file
